Determining if the pthread_create exist failed with the following output:
Change Dir: /home/rohit/planning_project/build/CMakeFiles/CMakeTmp

Run Build Command:"/usr/bin/make" "cmTryCompileExec2553170811/fast"
/usr/bin/make -f CMakeFiles/cmTryCompileExec2553170811.dir/build.make CMakeFiles/cmTryCompileExec2553170811.dir/build
make[1]: Entering directory `/home/rohit/planning_project/build/CMakeFiles/CMakeTmp'
/usr/bin/cmake -E cmake_progress_report /home/rohit/planning_project/build/CMakeFiles/CMakeTmp/CMakeFiles 1
Building C object CMakeFiles/cmTryCompileExec2553170811.dir/CheckSymbolExists.c.o
/usr/bin/cc    -o CMakeFiles/cmTryCompileExec2553170811.dir/CheckSymbolExists.c.o   -c /home/rohit/planning_project/build/CMakeFiles/CMakeTmp/CheckSymbolExists.c
Linking C executable cmTryCompileExec2553170811
/usr/bin/cmake -E cmake_link_script CMakeFiles/cmTryCompileExec2553170811.dir/link.txt --verbose=1
/usr/bin/cc       CMakeFiles/cmTryCompileExec2553170811.dir/CheckSymbolExists.c.o  -o cmTryCompileExec2553170811 -rdynamic 
CMakeFiles/cmTryCompileExec2553170811.dir/CheckSymbolExists.c.o: In function `main':
CheckSymbolExists.c:(.text+0x16): undefined reference to `pthread_create'
collect2: error: ld returned 1 exit status
make[1]: *** [cmTryCompileExec2553170811] Error 1
make[1]: Leaving directory `/home/rohit/planning_project/build/CMakeFiles/CMakeTmp'
make: *** [cmTryCompileExec2553170811/fast] Error 2

File /home/rohit/planning_project/build/CMakeFiles/CMakeTmp/CheckSymbolExists.c:
/* */
#include <pthread.h>

int main(int argc, char** argv)
{
  (void)argv;
#ifndef pthread_create
  return ((int*)(&pthread_create))[argc];
#else
  (void)argc;
  return 0;
#endif
}

Determining if the function pthread_create exists in the pthreads failed with the following output:
Change Dir: /home/rohit/planning_project/build/CMakeFiles/CMakeTmp

Run Build Command:"/usr/bin/make" "cmTryCompileExec4028579689/fast"
/usr/bin/make -f CMakeFiles/cmTryCompileExec4028579689.dir/build.make CMakeFiles/cmTryCompileExec4028579689.dir/build
make[1]: Entering directory `/home/rohit/planning_project/build/CMakeFiles/CMakeTmp'
/usr/bin/cmake -E cmake_progress_report /home/rohit/planning_project/build/CMakeFiles/CMakeTmp/CMakeFiles 1
Building C object CMakeFiles/cmTryCompileExec4028579689.dir/CheckFunctionExists.c.o
/usr/bin/cc   -DCHECK_FUNCTION_EXISTS=pthread_create   -o CMakeFiles/cmTryCompileExec4028579689.dir/CheckFunctionExists.c.o   -c /usr/share/cmake-3.2/Modules/CheckFunctionExists.c
Linking C executable cmTryCompileExec4028579689
/usr/bin/cmake -E cmake_link_script CMakeFiles/cmTryCompileExec4028579689.dir/link.txt --verbose=1
/usr/bin/cc   -DCHECK_FUNCTION_EXISTS=pthread_create    CMakeFiles/cmTryCompileExec4028579689.dir/CheckFunctionExists.c.o  -o cmTryCompileExec4028579689 -rdynamic -lpthreads 
/usr/bin/ld: cannot find -lpthreads
collect2: error: ld returned 1 exit status
make[1]: Leaving directory `/home/rohit/planning_project/build/CMakeFiles/CMakeTmp'
make[1]: *** [cmTryCompileExec4028579689] Error 1
make: *** [cmTryCompileExec4028579689/fast] Error 2


